<?xml version="1.0" encoding="UTF-8"?>
<!-- Generated by org.testng.reporters.JUnitReportReporter -->
<testsuite hostname="rahulks-MacBookPro-2.local" name="com.evolutionaryworks.MathsOperations.ArithmeticOperationsV2Test" tests="2" failures="0" timestamp="12 Mar 2013 13:17:59 GMT" time="0.009" errors="0">
  <testcase name="subtract" time="0.008" classname="com.evolutionaryworks.MathsOperations.ArithmeticOperationsV2Test"/>
  <testcase name="sum" time="0.001" classname="com.evolutionaryworks.MathsOperations.ArithmeticOperationsV2Test"/>
</testsuite> <!-- com.evolutionaryworks.MathsOperations.ArithmeticOperationsV2Test -->
