<?xml version="1.0" encoding="UTF-8"?>
<!-- Generated by org.testng.reporters.JUnitReportReporter -->
<testsuite hostname="rahulks-MacBookPro-2.local" name="com.evolutionaryworks.MathsOperations.AithmeticOperationsV2Test" tests="2" failures="0" timestamp="11 Mar 2013 21:25:10 GMT" time="0.010" errors="0">
  <testcase name="sum" time="0.001" classname="com.evolutionaryworks.MathsOperations.AithmeticOperationsV2Test"/>
  <testcase name="subtract" time="0.009" classname="com.evolutionaryworks.MathsOperations.AithmeticOperationsV2Test"/>
</testsuite> <!-- com.evolutionaryworks.MathsOperations.AithmeticOperationsV2Test -->
