<?xml version="1.0" encoding="UTF-8"?>
<!-- Generated by org.testng.reporters.JUnitReportReporter -->
<testsuite hostname="rahulks-MacBookPro-2.local" name="com.evolutionaryworks.MathsOperations.ArithmeticOperationsTest" tests="4" failures="0" timestamp="12 Mar 2013 13:17:59 GMT" time="0.004" errors="0">
  <testcase name="multiply" time="0.001" classname="com.evolutionaryworks.MathsOperations.ArithmeticOperationsTest"/>
  <testcase name="divide" time="0.001" classname="com.evolutionaryworks.MathsOperations.ArithmeticOperationsTest"/>
  <testcase name="subtract" time="0.001" classname="com.evolutionaryworks.MathsOperations.ArithmeticOperationsTest"/>
  <testcase name="sum" time="0.001" classname="com.evolutionaryworks.MathsOperations.ArithmeticOperationsTest"/>
</testsuite> <!-- com.evolutionaryworks.MathsOperations.ArithmeticOperationsTest -->
